<?xml version="1.0" encoding="UTF-8"?>
<!-- Generated by org.testng.reporters.JUnitXMLReporter -->
<testsuite ignored="1" hostname="shilpa" failures="0" tests="3" name="Test" time="0.065" errors="0" timestamp="2024-09-10T12:07:46 IST">
  <testcase classname="testng.Demo" name="test2" time="0.007"/>
  <testcase classname="testng.Demo" name="test3" time="0.003"/>
  <testcase classname="testng.Demo" name="test4" time="0.002"/>
  <testcase classname="testng.Demo" name="test1" time="0.0">
    <ignored/>
  </testcase> <!-- test1 -->
</testsuite> <!-- Test -->
